<?xml version="1.0" encoding="UTF-8"?>
<testsuites>
  <testsuite name="C:\Users\Otaku\Desktop\Final shi\Esprit-PIDEV-3A1-2526-TravelxpWeb\phpunit.dist.xml" tests="158" assertions="471" errors="0" failures="0" skipped="0" time="0.110272">
    <testsuite name="Project Test Suite" tests="158" assertions="471" errors="0" failures="0" skipped="0" time="0.110272">
      <testsuite name="App\Tests\Entity\ActivityTest" file="C:\Users\Otaku\Desktop\Final shi\Esprit-PIDEV-3A1-2526-TravelxpWeb\tests\Entity\ActivityTest.php" tests="15" assertions="53" errors="0" failures="0" skipped="0" time="0.021762">
        <testcase name="testDefaultValues" file="C:\Users\Otaku\Desktop\Final shi\Esprit-PIDEV-3A1-2526-TravelxpWeb\tests\Entity\ActivityTest.php" line="12" class="App\Tests\Entity\ActivityTest" classname="App.Tests.Entity.ActivityTest" assertions="15" time="0.002208"/>
        <testcase name="testSetTitleTrimsWhitespace" file="C:\Users\Otaku\Desktop\Final shi\Esprit-PIDEV-3A1-2526-TravelxpWeb\tests\Entity\ActivityTest.php" line="33" class="App\Tests\Entity\ActivityTest" classname="App.Tests.Entity.ActivityTest" assertions="2" time="0.000647"/>
        <testcase name="testSetTypeTrimsWhitespace" file="C:\Users\Otaku\Desktop\Final shi\Esprit-PIDEV-3A1-2526-TravelxpWeb\tests\Entity\ActivityTest.php" line="43" class="App\Tests\Entity\ActivityTest" classname="App.Tests.Entity.ActivityTest" assertions="1" time="0.000586"/>
        <testcase name="testSetStatusNormalizesValues" file="C:\Users\Otaku\Desktop\Final shi\Esprit-PIDEV-3A1-2526-TravelxpWeb\tests\Entity\ActivityTest.php" line="50" class="App\Tests\Entity\ActivityTest" classname="App.Tests.Entity.ActivityTest" assertions="4" time="0.000601"/>
        <testcase name="testCostAmountClampedToZero" file="C:\Users\Otaku\Desktop\Final shi\Esprit-PIDEV-3A1-2526-TravelxpWeb\tests\Entity\ActivityTest.php" line="67" class="App\Tests\Entity\ActivityTest" classname="App.Tests.Entity.ActivityTest" assertions="3" time="0.000566"/>
        <testcase name="testCurrencyNormalization" file="C:\Users\Otaku\Desktop\Final shi\Esprit-PIDEV-3A1-2526-TravelxpWeb\tests\Entity\ActivityTest.php" line="81" class="App\Tests\Entity\ActivityTest" classname="App.Tests.Entity.ActivityTest" assertions="3" time="0.000592"/>
        <testcase name="testXpEarnedClampedToZero" file="C:\Users\Otaku\Desktop\Final shi\Esprit-PIDEV-3A1-2526-TravelxpWeb\tests\Entity\ActivityTest.php" line="95" class="App\Tests\Entity\ActivityTest" classname="App.Tests.Entity.ActivityTest" assertions="2" time="0.000787"/>
        <testcase name="testSetLocationNameTrims" file="C:\Users\Otaku\Desktop\Final shi\Esprit-PIDEV-3A1-2526-TravelxpWeb\tests\Entity\ActivityTest.php" line="106" class="App\Tests\Entity\ActivityTest" classname="App.Tests.Entity.ActivityTest" assertions="2" time="0.000786"/>
        <testcase name="testSetTransportTypeTrims" file="C:\Users\Otaku\Desktop\Final shi\Esprit-PIDEV-3A1-2526-TravelxpWeb\tests\Entity\ActivityTest.php" line="116" class="App\Tests\Entity\ActivityTest" classname="App.Tests.Entity.ActivityTest" assertions="1" time="0.000754"/>
        <testcase name="testTripAssociation" file="C:\Users\Otaku\Desktop\Final shi\Esprit-PIDEV-3A1-2526-TravelxpWeb\tests\Entity\ActivityTest.php" line="123" class="App\Tests\Entity\ActivityTest" classname="App.Tests.Entity.ActivityTest" assertions="2" time="0.001512"/>
        <testcase name="testParticipantManagement" file="C:\Users\Otaku\Desktop\Final shi\Esprit-PIDEV-3A1-2526-TravelxpWeb\tests\Entity\ActivityTest.php" line="135" class="App\Tests\Entity\ActivityTest" classname="App.Tests.Entity.ActivityTest" assertions="7" time="0.001566"/>
        <testcase name="testDateSetters" file="C:\Users\Otaku\Desktop\Final shi\Esprit-PIDEV-3A1-2526-TravelxpWeb\tests\Entity\ActivityTest.php" line="157" class="App\Tests\Entity\ActivityTest" classname="App.Tests.Entity.ActivityTest" assertions="5" time="0.000904"/>
        <testcase name="testPrePersistSetsTimestamps" file="C:\Users\Otaku\Desktop\Final shi\Esprit-PIDEV-3A1-2526-TravelxpWeb\tests\Entity\ActivityTest.php" line="178" class="App\Tests\Entity\ActivityTest" classname="App.Tests.Entity.ActivityTest" assertions="4" time="0.000677"/>
        <testcase name="testPreUpdateSetsUpdatedAt" file="C:\Users\Otaku\Desktop\Final shi\Esprit-PIDEV-3A1-2526-TravelxpWeb\tests\Entity\ActivityTest.php" line="189" class="App\Tests\Entity\ActivityTest" classname="App.Tests.Entity.ActivityTest" assertions="1" time="0.008800"/>
        <testcase name="testAllowedStatusesConstant" file="C:\Users\Otaku\Desktop\Final shi\Esprit-PIDEV-3A1-2526-TravelxpWeb\tests\Entity\ActivityTest.php" line="201" class="App\Tests\Entity\ActivityTest" classname="App.Tests.Entity.ActivityTest" assertions="1" time="0.000776"/>
      </testsuite>
      <testsuite name="App\Tests\Entity\BookingTest" file="C:\Users\Otaku\Desktop\Final shi\Esprit-PIDEV-3A1-2526-TravelxpWeb\tests\Entity\BookingTest.php" tests="15" assertions="50" errors="0" failures="0" skipped="0" time="0.010031">
        <testcase name="testDefaultValues" file="C:\Users\Otaku\Desktop\Final shi\Esprit-PIDEV-3A1-2526-TravelxpWeb\tests\Entity\BookingTest.php" line="13" class="App\Tests\Entity\BookingTest" classname="App.Tests.Entity.BookingTest" assertions="9" time="0.001032"/>
        <testcase name="testStatusConstants" file="C:\Users\Otaku\Desktop\Final shi\Esprit-PIDEV-3A1-2526-TravelxpWeb\tests\Entity\BookingTest.php" line="28" class="App\Tests\Entity\BookingTest" classname="App.Tests.Entity.BookingTest" assertions="3" time="0.000617"/>
        <testcase name="testSetStatusNormalization" file="C:\Users\Otaku\Desktop\Final shi\Esprit-PIDEV-3A1-2526-TravelxpWeb\tests\Entity\BookingTest.php" line="35" class="App\Tests\Entity\BookingTest" classname="App.Tests.Entity.BookingTest" assertions="3" time="0.000573"/>
        <testcase name="testSetTotalPriceFromDifferentTypes" file="C:\Users\Otaku\Desktop\Final shi\Esprit-PIDEV-3A1-2526-TravelxpWeb\tests\Entity\BookingTest.php" line="49" class="App\Tests\Entity\BookingTest" classname="App.Tests.Entity.BookingTest" assertions="4" time="0.000586"/>
        <testcase name="testSetUserIdClampsToMinimumOne" file="C:\Users\Otaku\Desktop\Final shi\Esprit-PIDEV-3A1-2526-TravelxpWeb\tests\Entity\BookingTest.php" line="66" class="App\Tests\Entity\BookingTest" classname="App.Tests.Entity.BookingTest" assertions="4" time="0.000591"/>
        <testcase name="testSetDurationClampsToMinimumOne" file="C:\Users\Otaku\Desktop\Final shi\Esprit-PIDEV-3A1-2526-TravelxpWeb\tests\Entity\BookingTest.php" line="83" class="App\Tests\Entity\BookingTest" classname="App.Tests.Entity.BookingTest" assertions="4" time="0.000570"/>
        <testcase name="testBookingDateConversion" file="C:\Users\Otaku\Desktop\Final shi\Esprit-PIDEV-3A1-2526-TravelxpWeb\tests\Entity\BookingTest.php" line="100" class="App\Tests\Entity\BookingTest" classname="App.Tests.Entity.BookingTest" assertions="3" time="0.000577"/>
        <testcase name="testPropertyAssociation" file="C:\Users\Otaku\Desktop\Final shi\Esprit-PIDEV-3A1-2526-TravelxpWeb\tests\Entity\BookingTest.php" line="113" class="App\Tests\Entity\BookingTest" classname="App.Tests.Entity.BookingTest" assertions="2" time="0.000929"/>
        <testcase name="testServiceManagement" file="C:\Users\Otaku\Desktop\Final shi\Esprit-PIDEV-3A1-2526-TravelxpWeb\tests\Entity\BookingTest.php" line="125" class="App\Tests\Entity\BookingTest" classname="App.Tests.Entity.BookingTest" assertions="3" time="0.000823"/>
        <testcase name="testPaymentManagement" file="C:\Users\Otaku\Desktop\Final shi\Esprit-PIDEV-3A1-2526-TravelxpWeb\tests\Entity\BookingTest.php" line="140" class="App\Tests\Entity\BookingTest" classname="App.Tests.Entity.BookingTest" assertions="3" time="0.000830"/>
        <testcase name="testIsCancelled" file="C:\Users\Otaku\Desktop\Final shi\Esprit-PIDEV-3A1-2526-TravelxpWeb\tests\Entity\BookingTest.php" line="153" class="App\Tests\Entity\BookingTest" classname="App.Tests.Entity.BookingTest" assertions="3" time="0.000574"/>
        <testcase name="testIsInPast" file="C:\Users\Otaku\Desktop\Final shi\Esprit-PIDEV-3A1-2526-TravelxpWeb\tests\Entity\BookingTest.php" line="166" class="App\Tests\Entity\BookingTest" classname="App.Tests.Entity.BookingTest" assertions="3" time="0.000575"/>
        <testcase name="testHasSuccessfulPayment" file="C:\Users\Otaku\Desktop\Final shi\Esprit-PIDEV-3A1-2526-TravelxpWeb\tests\Entity\BookingTest.php" line="178" class="App\Tests\Entity\BookingTest" classname="App.Tests.Entity.BookingTest" assertions="3" time="0.000573"/>
        <testcase name="testPrePersistSetsTimestamps" file="C:\Users\Otaku\Desktop\Final shi\Esprit-PIDEV-3A1-2526-TravelxpWeb\tests\Entity\BookingTest.php" line="194" class="App\Tests\Entity\BookingTest" classname="App.Tests.Entity.BookingTest" assertions="2" time="0.000581"/>
        <testcase name="testPreUpdateSetsUpdatedAt" file="C:\Users\Otaku\Desktop\Final shi\Esprit-PIDEV-3A1-2526-TravelxpWeb\tests\Entity\BookingTest.php" line="203" class="App\Tests\Entity\BookingTest" classname="App.Tests.Entity.BookingTest" assertions="1" time="0.000602"/>
      </testsuite>
      <testsuite name="App\Tests\Entity\BudgetTest" file="C:\Users\Otaku\Desktop\Final shi\Esprit-PIDEV-3A1-2526-TravelxpWeb\tests\Entity\BudgetTest.php" tests="13" assertions="38" errors="0" failures="0" skipped="0" time="0.008262">
        <testcase name="testDefaultValues" file="C:\Users\Otaku\Desktop\Final shi\Esprit-PIDEV-3A1-2526-TravelxpWeb\tests\Entity\BudgetTest.php" line="13" class="App\Tests\Entity\BudgetTest" classname="App.Tests.Entity.BudgetTest" assertions="10" time="0.000900"/>
        <testcase name="testSetTitleTrims" file="C:\Users\Otaku\Desktop\Final shi\Esprit-PIDEV-3A1-2526-TravelxpWeb\tests\Entity\BudgetTest.php" line="29" class="App\Tests\Entity\BudgetTest" classname="App.Tests.Entity.BudgetTest" assertions="2" time="0.000566"/>
        <testcase name="testSetDestinationTrims" file="C:\Users\Otaku\Desktop\Final shi\Esprit-PIDEV-3A1-2526-TravelxpWeb\tests\Entity\BudgetTest.php" line="39" class="App\Tests\Entity\BudgetTest" classname="App.Tests.Entity.BudgetTest" assertions="1" time="0.000554"/>
        <testcase name="testSetPlannedAmountFromDifferentTypes" file="C:\Users\Otaku\Desktop\Final shi\Esprit-PIDEV-3A1-2526-TravelxpWeb\tests\Entity\BudgetTest.php" line="46" class="App\Tests\Entity\BudgetTest" classname="App.Tests.Entity.BudgetTest" assertions="4" time="0.000571"/>
        <testcase name="testCurrencyNormalization" file="C:\Users\Otaku\Desktop\Final shi\Esprit-PIDEV-3A1-2526-TravelxpWeb\tests\Entity\BudgetTest.php" line="63" class="App\Tests\Entity\BudgetTest" classname="App.Tests.Entity.BudgetTest" assertions="3" time="0.000631"/>
        <testcase name="testDateConversion" file="C:\Users\Otaku\Desktop\Final shi\Esprit-PIDEV-3A1-2526-TravelxpWeb\tests\Entity\BudgetTest.php" line="77" class="App\Tests\Entity\BudgetTest" classname="App.Tests.Entity.BudgetTest" assertions="4" time="0.000599"/>
        <testcase name="testUserAssociation" file="C:\Users\Otaku\Desktop\Final shi\Esprit-PIDEV-3A1-2526-TravelxpWeb\tests\Entity\BudgetTest.php" line="94" class="App\Tests\Entity\BudgetTest" classname="App.Tests.Entity.BudgetTest" assertions="1" time="0.000628"/>
        <testcase name="testExpenseManagement" file="C:\Users\Otaku\Desktop\Final shi\Esprit-PIDEV-3A1-2526-TravelxpWeb\tests\Entity\BudgetTest.php" line="103" class="App\Tests\Entity\BudgetTest" classname="App.Tests.Entity.BudgetTest" assertions="4" time="0.000834"/>
        <testcase name="testPaymentManagement" file="C:\Users\Otaku\Desktop\Final shi\Esprit-PIDEV-3A1-2526-TravelxpWeb\tests\Entity\BudgetTest.php" line="119" class="App\Tests\Entity\BudgetTest" classname="App.Tests.Entity.BudgetTest" assertions="2" time="0.000583"/>
        <testcase name="testGetSpentAmountCalculation" file="C:\Users\Otaku\Desktop\Final shi\Esprit-PIDEV-3A1-2526-TravelxpWeb\tests\Entity\BudgetTest.php" line="129" class="App\Tests\Entity\BudgetTest" classname="App.Tests.Entity.BudgetTest" assertions="2" time="0.000597"/>
        <testcase name="testGetRemainingAmountCalculation" file="C:\Users\Otaku\Desktop\Final shi\Esprit-PIDEV-3A1-2526-TravelxpWeb\tests\Entity\BudgetTest.php" line="146" class="App\Tests\Entity\BudgetTest" classname="App.Tests.Entity.BudgetTest" assertions="1" time="0.000615"/>
        <testcase name="testGetRemainingAmountCanBeNegative" file="C:\Users\Otaku\Desktop\Final shi\Esprit-PIDEV-3A1-2526-TravelxpWeb\tests\Entity\BudgetTest.php" line="158" class="App\Tests\Entity\BudgetTest" classname="App.Tests.Entity.BudgetTest" assertions="1" time="0.000584"/>
        <testcase name="testPrePersistAndPreUpdate" file="C:\Users\Otaku\Desktop\Final shi\Esprit-PIDEV-3A1-2526-TravelxpWeb\tests\Entity\BudgetTest.php" line="170" class="App\Tests\Entity\BudgetTest" classname="App.Tests.Entity.BudgetTest" assertions="3" time="0.000599"/>
      </testsuite>
      <testsuite name="App\Tests\Entity\ExpenseEntryTest" file="C:\Users\Otaku\Desktop\Final shi\Esprit-PIDEV-3A1-2526-TravelxpWeb\tests\Entity\ExpenseEntryTest.php" tests="9" assertions="34" errors="0" failures="0" skipped="0" time="0.005191">
        <testcase name="testDefaultValues" file="C:\Users\Otaku\Desktop\Final shi\Esprit-PIDEV-3A1-2526-TravelxpWeb\tests\Entity\ExpenseEntryTest.php" line="11" class="App\Tests\Entity\ExpenseEntryTest" classname="App.Tests.Entity.ExpenseEntryTest" assertions="7" time="0.000598"/>
        <testcase name="testCategoryConstants" file="C:\Users\Otaku\Desktop\Final shi\Esprit-PIDEV-3A1-2526-TravelxpWeb\tests\Entity\ExpenseEntryTest.php" line="24" class="App\Tests\Entity\ExpenseEntryTest" classname="App.Tests.Entity.ExpenseEntryTest" assertions="7" time="0.000576"/>
        <testcase name="testSetTitleTrims" file="C:\Users\Otaku\Desktop\Final shi\Esprit-PIDEV-3A1-2526-TravelxpWeb\tests\Entity\ExpenseEntryTest.php" line="35" class="App\Tests\Entity\ExpenseEntryTest" classname="App.Tests.Entity.ExpenseEntryTest" assertions="2" time="0.000547"/>
        <testcase name="testSetCategoryNormalization" file="C:\Users\Otaku\Desktop\Final shi\Esprit-PIDEV-3A1-2526-TravelxpWeb\tests\Entity\ExpenseEntryTest.php" line="45" class="App\Tests\Entity\ExpenseEntryTest" classname="App.Tests.Entity.ExpenseEntryTest" assertions="4" time="0.000576"/>
        <testcase name="testSetAmountFromDifferentTypes" file="C:\Users\Otaku\Desktop\Final shi\Esprit-PIDEV-3A1-2526-TravelxpWeb\tests\Entity\ExpenseEntryTest.php" line="62" class="App\Tests\Entity\ExpenseEntryTest" classname="App.Tests.Entity.ExpenseEntryTest" assertions="4" time="0.000583"/>
        <testcase name="testExpenseDateConversion" file="C:\Users\Otaku\Desktop\Final shi\Esprit-PIDEV-3A1-2526-TravelxpWeb\tests\Entity\ExpenseEntryTest.php" line="79" class="App\Tests\Entity\ExpenseEntryTest" classname="App.Tests.Entity.ExpenseEntryTest" assertions="3" time="0.000575"/>
        <testcase name="testBudgetAssociation" file="C:\Users\Otaku\Desktop\Final shi\Esprit-PIDEV-3A1-2526-TravelxpWeb\tests\Entity\ExpenseEntryTest.php" line="92" class="App\Tests\Entity\ExpenseEntryTest" classname="App.Tests.Entity.ExpenseEntryTest" assertions="2" time="0.000578"/>
        <testcase name="testNoteSetterGetter" file="C:\Users\Otaku\Desktop\Final shi\Esprit-PIDEV-3A1-2526-TravelxpWeb\tests\Entity\ExpenseEntryTest.php" line="104" class="App\Tests\Entity\ExpenseEntryTest" classname="App.Tests.Entity.ExpenseEntryTest" assertions="2" time="0.000573"/>
        <testcase name="testPrePersistAndPreUpdate" file="C:\Users\Otaku\Desktop\Final shi\Esprit-PIDEV-3A1-2526-TravelxpWeb\tests\Entity\ExpenseEntryTest.php" line="115" class="App\Tests\Entity\ExpenseEntryTest" classname="App.Tests.Entity.ExpenseEntryTest" assertions="3" time="0.000585"/>
      </testsuite>
      <testsuite name="App\Tests\Entity\LoginHistoryTest" file="C:\Users\Otaku\Desktop\Final shi\Esprit-PIDEV-3A1-2526-TravelxpWeb\tests\Entity\LoginHistoryTest.php" tests="13" assertions="37" errors="0" failures="0" skipped="0" time="0.007742">
        <testcase name="testDefaultValues" file="C:\Users\Otaku\Desktop\Final shi\Esprit-PIDEV-3A1-2526-TravelxpWeb\tests\Entity\LoginHistoryTest.php" line="11" class="App\Tests\Entity\LoginHistoryTest" classname="App.Tests.Entity.LoginHistoryTest" assertions="11" time="0.000860"/>
        <testcase name="testSetUserAssociation" file="C:\Users\Otaku\Desktop\Final shi\Esprit-PIDEV-3A1-2526-TravelxpWeb\tests\Entity\LoginHistoryTest.php" line="28" class="App\Tests\Entity\LoginHistoryTest" classname="App.Tests.Entity.LoginHistoryTest" assertions="1" time="0.000555"/>
        <testcase name="testSetIpAddressNormalization" file="C:\Users\Otaku\Desktop\Final shi\Esprit-PIDEV-3A1-2526-TravelxpWeb\tests\Entity\LoginHistoryTest.php" line="37" class="App\Tests\Entity\LoginHistoryTest" classname="App.Tests.Entity.LoginHistoryTest" assertions="4" time="0.000566"/>
        <testcase name="testSetCountryNormalization" file="C:\Users\Otaku\Desktop\Final shi\Esprit-PIDEV-3A1-2526-TravelxpWeb\tests\Entity\LoginHistoryTest.php" line="56" class="App\Tests\Entity\LoginHistoryTest" classname="App.Tests.Entity.LoginHistoryTest" assertions="3" time="0.000563"/>
        <testcase name="testSetRegionNormalization" file="C:\Users\Otaku\Desktop\Final shi\Esprit-PIDEV-3A1-2526-TravelxpWeb\tests\Entity\LoginHistoryTest.php" line="70" class="App\Tests\Entity\LoginHistoryTest" classname="App.Tests.Entity.LoginHistoryTest" assertions="2" time="0.000546"/>
        <testcase name="testSetCityNormalization" file="C:\Users\Otaku\Desktop\Final shi\Esprit-PIDEV-3A1-2526-TravelxpWeb\tests\Entity\LoginHistoryTest.php" line="81" class="App\Tests\Entity\LoginHistoryTest" classname="App.Tests.Entity.LoginHistoryTest" assertions="2" time="0.000548"/>
        <testcase name="testSetIspNormalization" file="C:\Users\Otaku\Desktop\Final shi\Esprit-PIDEV-3A1-2526-TravelxpWeb\tests\Entity\LoginHistoryTest.php" line="92" class="App\Tests\Entity\LoginHistoryTest" classname="App.Tests.Entity.LoginHistoryTest" assertions="2" time="0.000590"/>
        <testcase name="testSetUserAgentNormalization" file="C:\Users\Otaku\Desktop\Final shi\Esprit-PIDEV-3A1-2526-TravelxpWeb\tests\Entity\LoginHistoryTest.php" line="103" class="App\Tests\Entity\LoginHistoryTest" classname="App.Tests.Entity.LoginHistoryTest" assertions="2" time="0.000550"/>
        <testcase name="testGeoCoordinates" file="C:\Users\Otaku\Desktop\Final shi\Esprit-PIDEV-3A1-2526-TravelxpWeb\tests\Entity\LoginHistoryTest.php" line="114" class="App\Tests\Entity\LoginHistoryTest" classname="App.Tests.Entity.LoginHistoryTest" assertions="3" time="0.000620"/>
        <testcase name="testSetLoginAt" file="C:\Users\Otaku\Desktop\Final shi\Esprit-PIDEV-3A1-2526-TravelxpWeb\tests\Entity\LoginHistoryTest.php" line="128" class="App\Tests\Entity\LoginHistoryTest" classname="App.Tests.Entity.LoginHistoryTest" assertions="1" time="0.000562"/>
        <testcase name="testPrePersistSetsLoginAt" file="C:\Users\Otaku\Desktop\Final shi\Esprit-PIDEV-3A1-2526-TravelxpWeb\tests\Entity\LoginHistoryTest.php" line="137" class="App\Tests\Entity\LoginHistoryTest" classname="App.Tests.Entity.LoginHistoryTest" assertions="2" time="0.000592"/>
        <testcase name="testPrePersistDoesNotOverrideExistingLoginAt" file="C:\Users\Otaku\Desktop\Final shi\Esprit-PIDEV-3A1-2526-TravelxpWeb\tests\Entity\LoginHistoryTest.php" line="146" class="App\Tests\Entity\LoginHistoryTest" classname="App.Tests.Entity.LoginHistoryTest" assertions="1" time="0.000566"/>
        <testcase name="testFieldMaxLengthTruncation" file="C:\Users\Otaku\Desktop\Final shi\Esprit-PIDEV-3A1-2526-TravelxpWeb\tests\Entity\LoginHistoryTest.php" line="156" class="App\Tests\Entity\LoginHistoryTest" classname="App.Tests.Entity.LoginHistoryTest" assertions="3" time="0.000623"/>
      </testsuite>
      <testsuite name="App\Tests\Entity\OfferTest" file="C:\Users\Otaku\Desktop\Final shi\Esprit-PIDEV-3A1-2526-TravelxpWeb\tests\Entity\OfferTest.php" tests="12" assertions="32" errors="0" failures="0" skipped="0" time="0.007085">
        <testcase name="testDefaultValues" file="C:\Users\Otaku\Desktop\Final shi\Esprit-PIDEV-3A1-2526-TravelxpWeb\tests\Entity\OfferTest.php" line="11" class="App\Tests\Entity\OfferTest" classname="App.Tests.Entity.OfferTest" assertions="8" time="0.000873"/>
        <testcase name="testSetTitleTrims" file="C:\Users\Otaku\Desktop\Final shi\Esprit-PIDEV-3A1-2526-TravelxpWeb\tests\Entity\OfferTest.php" line="25" class="App\Tests\Entity\OfferTest" classname="App.Tests.Entity.OfferTest" assertions="2" time="0.000577"/>
        <testcase name="testSetDiscountPercentageClamping" file="C:\Users\Otaku\Desktop\Final shi\Esprit-PIDEV-3A1-2526-TravelxpWeb\tests\Entity\OfferTest.php" line="35" class="App\Tests\Entity\OfferTest" classname="App.Tests.Entity.OfferTest" assertions="5" time="0.000566"/>
        <testcase name="testIsActiveToggle" file="C:\Users\Otaku\Desktop\Final shi\Esprit-PIDEV-3A1-2526-TravelxpWeb\tests\Entity\OfferTest.php" line="55" class="App\Tests\Entity\OfferTest" classname="App.Tests.Entity.OfferTest" assertions="2" time="0.000571"/>
        <testcase name="testPropertyAssociation" file="C:\Users\Otaku\Desktop\Final shi\Esprit-PIDEV-3A1-2526-TravelxpWeb\tests\Entity\OfferTest.php" line="64" class="App\Tests\Entity\OfferTest" classname="App.Tests.Entity.OfferTest" assertions="2" time="0.000566"/>
        <testcase name="testDateConversion" file="C:\Users\Otaku\Desktop\Final shi\Esprit-PIDEV-3A1-2526-TravelxpWeb\tests\Entity\OfferTest.php" line="76" class="App\Tests\Entity\OfferTest" classname="App.Tests.Entity.OfferTest" assertions="4" time="0.000569"/>
        <testcase name="testIsValidTodayWithNullDates" file="C:\Users\Otaku\Desktop\Final shi\Esprit-PIDEV-3A1-2526-TravelxpWeb\tests\Entity\OfferTest.php" line="93" class="App\Tests\Entity\OfferTest" classname="App.Tests.Entity.OfferTest" assertions="1" time="0.000544"/>
        <testcase name="testIsValidTodayWithCurrentDates" file="C:\Users\Otaku\Desktop\Final shi\Esprit-PIDEV-3A1-2526-TravelxpWeb\tests\Entity\OfferTest.php" line="99" class="App\Tests\Entity\OfferTest" classname="App.Tests.Entity.OfferTest" assertions="1" time="0.000569"/>
        <testcase name="testIsValidTodayWithPastDates" file="C:\Users\Otaku\Desktop\Final shi\Esprit-PIDEV-3A1-2526-TravelxpWeb\tests\Entity\OfferTest.php" line="108" class="App\Tests\Entity\OfferTest" classname="App.Tests.Entity.OfferTest" assertions="1" time="0.000589"/>
        <testcase name="testIsValidTodayWithFutureDates" file="C:\Users\Otaku\Desktop\Final shi\Esprit-PIDEV-3A1-2526-TravelxpWeb\tests\Entity\OfferTest.php" line="117" class="App\Tests\Entity\OfferTest" classname="App.Tests.Entity.OfferTest" assertions="1" time="0.000557"/>
        <testcase name="testDescription" file="C:\Users\Otaku\Desktop\Final shi\Esprit-PIDEV-3A1-2526-TravelxpWeb\tests\Entity\OfferTest.php" line="126" class="App\Tests\Entity\OfferTest" classname="App.Tests.Entity.OfferTest" assertions="2" time="0.000550"/>
        <testcase name="testPrePersistAndPreUpdate" file="C:\Users\Otaku\Desktop\Final shi\Esprit-PIDEV-3A1-2526-TravelxpWeb\tests\Entity\OfferTest.php" line="137" class="App\Tests\Entity\OfferTest" classname="App.Tests.Entity.OfferTest" assertions="3" time="0.000555"/>
      </testsuite>
      <testsuite name="App\Tests\Entity\PaymentTest" file="C:\Users\Otaku\Desktop\Final shi\Esprit-PIDEV-3A1-2526-TravelxpWeb\tests\Entity\PaymentTest.php" tests="13" assertions="45" errors="0" failures="0" skipped="0" time="0.007371">
        <testcase name="testDefaultValues" file="C:\Users\Otaku\Desktop\Final shi\Esprit-PIDEV-3A1-2526-TravelxpWeb\tests\Entity\PaymentTest.php" line="13" class="App\Tests\Entity\PaymentTest" classname="App.Tests.Entity.PaymentTest" assertions="9" time="0.000582"/>
        <testcase name="testStatusConstants" file="C:\Users\Otaku\Desktop\Final shi\Esprit-PIDEV-3A1-2526-TravelxpWeb\tests\Entity\PaymentTest.php" line="28" class="App\Tests\Entity\PaymentTest" classname="App.Tests.Entity.PaymentTest" assertions="6" time="0.000551"/>
        <testcase name="testSetAmountFromDifferentTypes" file="C:\Users\Otaku\Desktop\Final shi\Esprit-PIDEV-3A1-2526-TravelxpWeb\tests\Entity\PaymentTest.php" line="38" class="App\Tests\Entity\PaymentTest" classname="App.Tests.Entity.PaymentTest" assertions="4" time="0.000566"/>
        <testcase name="testSetCurrencyNormalization" file="C:\Users\Otaku\Desktop\Final shi\Esprit-PIDEV-3A1-2526-TravelxpWeb\tests\Entity\PaymentTest.php" line="55" class="App\Tests\Entity\PaymentTest" classname="App.Tests.Entity.PaymentTest" assertions="3" time="0.000553"/>
        <testcase name="testSetStatusNormalization" file="C:\Users\Otaku\Desktop\Final shi\Esprit-PIDEV-3A1-2526-TravelxpWeb\tests\Entity\PaymentTest.php" line="69" class="App\Tests\Entity\PaymentTest" classname="App.Tests.Entity.PaymentTest" assertions="3" time="0.000560"/>
        <testcase name="testStripePaymentIntentIdTrims" file="C:\Users\Otaku\Desktop\Final shi\Esprit-PIDEV-3A1-2526-TravelxpWeb\tests\Entity\PaymentTest.php" line="83" class="App\Tests\Entity\PaymentTest" classname="App.Tests.Entity.PaymentTest" assertions="2" time="0.000575"/>
        <testcase name="testIsSuccessful" file="C:\Users\Otaku\Desktop\Final shi\Esprit-PIDEV-3A1-2526-TravelxpWeb\tests\Entity\PaymentTest.php" line="94" class="App\Tests\Entity\PaymentTest" classname="App.Tests.Entity.PaymentTest" assertions="3" time="0.000563"/>
        <testcase name="testIsTerminal" file="C:\Users\Otaku\Desktop\Final shi\Esprit-PIDEV-3A1-2526-TravelxpWeb\tests\Entity\PaymentTest.php" line="107" class="App\Tests\Entity\PaymentTest" classname="App.Tests.Entity.PaymentTest" assertions="5" time="0.000637"/>
        <testcase name="testUserAssociation" file="C:\Users\Otaku\Desktop\Final shi\Esprit-PIDEV-3A1-2526-TravelxpWeb\tests\Entity\PaymentTest.php" line="127" class="App\Tests\Entity\PaymentTest" classname="App.Tests.Entity.PaymentTest" assertions="1" time="0.000559"/>
        <testcase name="testBookingAssociation" file="C:\Users\Otaku\Desktop\Final shi\Esprit-PIDEV-3A1-2526-TravelxpWeb\tests\Entity\PaymentTest.php" line="136" class="App\Tests\Entity\PaymentTest" classname="App.Tests.Entity.PaymentTest" assertions="2" time="0.000556"/>
        <testcase name="testBudgetAssociation" file="C:\Users\Otaku\Desktop\Final shi\Esprit-PIDEV-3A1-2526-TravelxpWeb\tests\Entity\PaymentTest.php" line="148" class="App\Tests\Entity\PaymentTest" classname="App.Tests.Entity.PaymentTest" assertions="2" time="0.000550"/>
        <testcase name="testFailureMessage" file="C:\Users\Otaku\Desktop\Final shi\Esprit-PIDEV-3A1-2526-TravelxpWeb\tests\Entity\PaymentTest.php" line="160" class="App\Tests\Entity\PaymentTest" classname="App.Tests.Entity.PaymentTest" assertions="2" time="0.000572"/>
        <testcase name="testPrePersistAndPreUpdate" file="C:\Users\Otaku\Desktop\Final shi\Esprit-PIDEV-3A1-2526-TravelxpWeb\tests\Entity\PaymentTest.php" line="171" class="App\Tests\Entity\PaymentTest" classname="App.Tests.Entity.PaymentTest" assertions="3" time="0.000547"/>
      </testsuite>
      <testsuite name="App\Tests\Entity\PropertyTest" file="C:\Users\Otaku\Desktop\Final shi\Esprit-PIDEV-3A1-2526-TravelxpWeb\tests\Entity\PropertyTest.php" tests="14" assertions="46" errors="0" failures="0" skipped="0" time="0.007914">
        <testcase name="testDefaultValues" file="C:\Users\Otaku\Desktop\Final shi\Esprit-PIDEV-3A1-2526-TravelxpWeb\tests\Entity\PropertyTest.php" line="12" class="App\Tests\Entity\PropertyTest" classname="App.Tests.Entity.PropertyTest" assertions="14" time="0.000589"/>
        <testcase name="testSetTitleTrims" file="C:\Users\Otaku\Desktop\Final shi\Esprit-PIDEV-3A1-2526-TravelxpWeb\tests\Entity\PropertyTest.php" line="32" class="App\Tests\Entity\PropertyTest" classname="App.Tests.Entity.PropertyTest" assertions="1" time="0.000549"/>
        <testcase name="testSetPropertyTypeTrims" file="C:\Users\Otaku\Desktop\Final shi\Esprit-PIDEV-3A1-2526-TravelxpWeb\tests\Entity\PropertyTest.php" line="39" class="App\Tests\Entity\PropertyTest" classname="App.Tests.Entity.PropertyTest" assertions="1" time="0.000547"/>
        <testcase name="testSetCityAndCountryTrim" file="C:\Users\Otaku\Desktop\Final shi\Esprit-PIDEV-3A1-2526-TravelxpWeb\tests\Entity\PropertyTest.php" line="46" class="App\Tests\Entity\PropertyTest" classname="App.Tests.Entity.PropertyTest" assertions="2" time="0.000553"/>
        <testcase name="testSetAddressTrims" file="C:\Users\Otaku\Desktop\Final shi\Esprit-PIDEV-3A1-2526-TravelxpWeb\tests\Entity\PropertyTest.php" line="57" class="App\Tests\Entity\PropertyTest" classname="App.Tests.Entity.PropertyTest" assertions="2" time="0.000554"/>
        <testcase name="testSetPricePerNightFromDifferentTypes" file="C:\Users\Otaku\Desktop\Final shi\Esprit-PIDEV-3A1-2526-TravelxpWeb\tests\Entity\PropertyTest.php" line="67" class="App\Tests\Entity\PropertyTest" classname="App.Tests.Entity.PropertyTest" assertions="3" time="0.000553"/>
        <testcase name="testBedroomsClampedToZero" file="C:\Users\Otaku\Desktop\Final shi\Esprit-PIDEV-3A1-2526-TravelxpWeb\tests\Entity\PropertyTest.php" line="81" class="App\Tests\Entity\PropertyTest" classname="App.Tests.Entity.PropertyTest" assertions="2" time="0.000541"/>
        <testcase name="testMaxGuestsClampedToOne" file="C:\Users\Otaku\Desktop\Final shi\Esprit-PIDEV-3A1-2526-TravelxpWeb\tests\Entity\PropertyTest.php" line="92" class="App\Tests\Entity\PropertyTest" classname="App.Tests.Entity.PropertyTest" assertions="3" time="0.000589"/>
        <testcase name="testIsActiveToggle" file="C:\Users\Otaku\Desktop\Final shi\Esprit-PIDEV-3A1-2526-TravelxpWeb\tests\Entity\PropertyTest.php" line="106" class="App\Tests\Entity\PropertyTest" classname="App.Tests.Entity.PropertyTest" assertions="3" time="0.000539"/>
        <testcase name="testOfferManagement" file="C:\Users\Otaku\Desktop\Final shi\Esprit-PIDEV-3A1-2526-TravelxpWeb\tests\Entity\PropertyTest.php" line="119" class="App\Tests\Entity\PropertyTest" classname="App.Tests.Entity.PropertyTest" assertions="4" time="0.000591"/>
        <testcase name="testBookingManagement" file="C:\Users\Otaku\Desktop\Final shi\Esprit-PIDEV-3A1-2526-TravelxpWeb\tests\Entity\PropertyTest.php" line="135" class="App\Tests\Entity\PropertyTest" classname="App.Tests.Entity.PropertyTest" assertions="3" time="0.000638"/>
        <testcase name="testImagesSetterGetter" file="C:\Users\Otaku\Desktop\Final shi\Esprit-PIDEV-3A1-2526-TravelxpWeb\tests\Entity\PropertyTest.php" line="148" class="App\Tests\Entity\PropertyTest" classname="App.Tests.Entity.PropertyTest" assertions="2" time="0.000556"/>
        <testcase name="testDateSetters" file="C:\Users\Otaku\Desktop\Final shi\Esprit-PIDEV-3A1-2526-TravelxpWeb\tests\Entity\PropertyTest.php" line="159" class="App\Tests\Entity\PropertyTest" classname="App.Tests.Entity.PropertyTest" assertions="3" time="0.000557"/>
        <testcase name="testPrePersistAndPreUpdate" file="C:\Users\Otaku\Desktop\Final shi\Esprit-PIDEV-3A1-2526-TravelxpWeb\tests\Entity\PropertyTest.php" line="174" class="App\Tests\Entity\PropertyTest" classname="App.Tests.Entity.PropertyTest" assertions="3" time="0.000559"/>
      </testsuite>
      <testsuite name="App\Tests\Entity\QuestTest" file="C:\Users\Otaku\Desktop\Final shi\Esprit-PIDEV-3A1-2526-TravelxpWeb\tests\Entity\QuestTest.php" tests="8" assertions="21" errors="0" failures="0" skipped="0" time="0.005197">
        <testcase name="testDefaultValues" file="C:\Users\Otaku\Desktop\Final shi\Esprit-PIDEV-3A1-2526-TravelxpWeb\tests\Entity\QuestTest.php" line="10" class="App\Tests\Entity\QuestTest" classname="App.Tests.Entity.QuestTest" assertions="6" time="0.000794"/>
        <testcase name="testSetTitleTrims" file="C:\Users\Otaku\Desktop\Final shi\Esprit-PIDEV-3A1-2526-TravelxpWeb\tests\Entity\QuestTest.php" line="22" class="App\Tests\Entity\QuestTest" classname="App.Tests.Entity.QuestTest" assertions="2" time="0.000562"/>
        <testcase name="testSetGoalClampedToOne" file="C:\Users\Otaku\Desktop\Final shi\Esprit-PIDEV-3A1-2526-TravelxpWeb\tests\Entity\QuestTest.php" line="32" class="App\Tests\Entity\QuestTest" classname="App.Tests.Entity.QuestTest" assertions="3" time="0.000593"/>
        <testcase name="testSetRewardXpClampedToZero" file="C:\Users\Otaku\Desktop\Final shi\Esprit-PIDEV-3A1-2526-TravelxpWeb\tests\Entity\QuestTest.php" line="46" class="App\Tests\Entity\QuestTest" classname="App.Tests.Entity.QuestTest" assertions="3" time="0.000545"/>
        <testcase name="testIsActiveToggle" file="C:\Users\Otaku\Desktop\Final shi\Esprit-PIDEV-3A1-2526-TravelxpWeb\tests\Entity\QuestTest.php" line="60" class="App\Tests\Entity\QuestTest" classname="App.Tests.Entity.QuestTest" assertions="2" time="0.000558"/>
        <testcase name="testDescription" file="C:\Users\Otaku\Desktop\Final shi\Esprit-PIDEV-3A1-2526-TravelxpWeb\tests\Entity\QuestTest.php" line="69" class="App\Tests\Entity\QuestTest" classname="App.Tests.Entity.QuestTest" assertions="2" time="0.000650"/>
        <testcase name="testPrePersistSetsTimestamps" file="C:\Users\Otaku\Desktop\Final shi\Esprit-PIDEV-3A1-2526-TravelxpWeb\tests\Entity\QuestTest.php" line="79" class="App\Tests\Entity\QuestTest" classname="App.Tests.Entity.QuestTest" assertions="2" time="0.000784"/>
        <testcase name="testPreUpdateSetsUpdatedAt" file="C:\Users\Otaku\Desktop\Final shi\Esprit-PIDEV-3A1-2526-TravelxpWeb\tests\Entity\QuestTest.php" line="88" class="App\Tests\Entity\QuestTest" classname="App.Tests.Entity.QuestTest" assertions="1" time="0.000713"/>
      </testsuite>
      <testsuite name="App\Tests\Entity\ServiceTest" file="C:\Users\Otaku\Desktop\Final shi\Esprit-PIDEV-3A1-2526-TravelxpWeb\tests\Entity\ServiceTest.php" tests="10" assertions="29" errors="0" failures="0" skipped="0" time="0.005924">
        <testcase name="testDefaultValues" file="C:\Users\Otaku\Desktop\Final shi\Esprit-PIDEV-3A1-2526-TravelxpWeb\tests\Entity\ServiceTest.php" line="11" class="App\Tests\Entity\ServiceTest" classname="App.Tests.Entity.ServiceTest" assertions="8" time="0.000606"/>
        <testcase name="testSetProviderNameTrims" file="C:\Users\Otaku\Desktop\Final shi\Esprit-PIDEV-3A1-2526-TravelxpWeb\tests\Entity\ServiceTest.php" line="25" class="App\Tests\Entity\ServiceTest" classname="App.Tests.Entity.ServiceTest" assertions="2" time="0.000584"/>
        <testcase name="testSetServiceTypeTrims" file="C:\Users\Otaku\Desktop\Final shi\Esprit-PIDEV-3A1-2526-TravelxpWeb\tests\Entity\ServiceTest.php" line="35" class="App\Tests\Entity\ServiceTest" classname="App.Tests.Entity.ServiceTest" assertions="1" time="0.000578"/>
        <testcase name="testSetPriceFromDifferentTypes" file="C:\Users\Otaku\Desktop\Final shi\Esprit-PIDEV-3A1-2526-TravelxpWeb\tests\Entity\ServiceTest.php" line="42" class="App\Tests\Entity\ServiceTest" classname="App.Tests.Entity.ServiceTest" assertions="4" time="0.000601"/>
        <testcase name="testIsAvailableToggle" file="C:\Users\Otaku\Desktop\Final shi\Esprit-PIDEV-3A1-2526-TravelxpWeb\tests\Entity\ServiceTest.php" line="59" class="App\Tests\Entity\ServiceTest" classname="App.Tests.Entity.ServiceTest" assertions="2" time="0.000614"/>
        <testcase name="testEcoFriendlyToggle" file="C:\Users\Otaku\Desktop\Final shi\Esprit-PIDEV-3A1-2526-TravelxpWeb\tests\Entity\ServiceTest.php" line="68" class="App\Tests\Entity\ServiceTest" classname="App.Tests.Entity.ServiceTest" assertions="2" time="0.000587"/>
        <testcase name="testDescription" file="C:\Users\Otaku\Desktop\Final shi\Esprit-PIDEV-3A1-2526-TravelxpWeb\tests\Entity\ServiceTest.php" line="77" class="App\Tests\Entity\ServiceTest" classname="App.Tests.Entity.ServiceTest" assertions="2" time="0.000575"/>
        <testcase name="testBookingManagement" file="C:\Users\Otaku\Desktop\Final shi\Esprit-PIDEV-3A1-2526-TravelxpWeb\tests\Entity\ServiceTest.php" line="87" class="App\Tests\Entity\ServiceTest" classname="App.Tests.Entity.ServiceTest" assertions="3" time="0.000609"/>
        <testcase name="testDateSetters" file="C:\Users\Otaku\Desktop\Final shi\Esprit-PIDEV-3A1-2526-TravelxpWeb\tests\Entity\ServiceTest.php" line="102" class="App\Tests\Entity\ServiceTest" classname="App.Tests.Entity.ServiceTest" assertions="2" time="0.000590"/>
        <testcase name="testPrePersistAndPreUpdate" file="C:\Users\Otaku\Desktop\Final shi\Esprit-PIDEV-3A1-2526-TravelxpWeb\tests\Entity\ServiceTest.php" line="114" class="App\Tests\Entity\ServiceTest" classname="App.Tests.Entity.ServiceTest" assertions="3" time="0.000581"/>
      </testsuite>
      <testsuite name="App\Tests\Entity\TripTest" file="C:\Users\Otaku\Desktop\Final shi\Esprit-PIDEV-3A1-2526-TravelxpWeb\tests\Entity\TripTest.php" tests="7" assertions="17" errors="0" failures="0" skipped="0" time="0.004256">
        <testcase name="testSetStatusNormalizesInvalidToPLANNED" file="C:\Users\Otaku\Desktop\Final shi\Esprit-PIDEV-3A1-2526-TravelxpWeb\tests\Entity\TripTest.php" line="20" class="App\Tests\Entity\TripTest" classname="App.Tests.Entity.TripTest" assertions="3" time="0.000632"/>
        <testcase name="testBudgetAmountCannotBeNegative" file="C:\Users\Otaku\Desktop\Final shi\Esprit-PIDEV-3A1-2526-TravelxpWeb\tests\Entity\TripTest.php" line="37" class="App\Tests\Entity\TripTest" classname="App.Tests.Entity.TripTest" assertions="2" time="0.000630"/>
        <testcase name="testSetCurrencyDefaults" file="C:\Users\Otaku\Desktop\Final shi\Esprit-PIDEV-3A1-2526-TravelxpWeb\tests\Entity\TripTest.php" line="51" class="App\Tests\Entity\TripTest" classname="App.Tests.Entity.TripTest" assertions="3" time="0.000585"/>
        <testcase name="testParticipantAddAndRemove" file="C:\Users\Otaku\Desktop\Final shi\Esprit-PIDEV-3A1-2526-TravelxpWeb\tests\Entity\TripTest.php" line="68" class="App\Tests\Entity\TripTest" classname="App.Tests.Entity.TripTest" assertions="4" time="0.000641"/>
        <testcase name="testTripNameIsTrimmed" file="C:\Users\Otaku\Desktop\Final shi\Esprit-PIDEV-3A1-2526-TravelxpWeb\tests\Entity\TripTest.php" line="88" class="App\Tests\Entity\TripTest" classname="App.Tests.Entity.TripTest" assertions="2" time="0.000592"/>
        <testcase name="testTotalExpensesCannotBeNegative" file="C:\Users\Otaku\Desktop\Final shi\Esprit-PIDEV-3A1-2526-TravelxpWeb\tests\Entity\TripTest.php" line="102" class="App\Tests\Entity\TripTest" classname="App.Tests.Entity.TripTest" assertions="1" time="0.000597"/>
        <testcase name="testTotalXpEarnedCannotBeNegative" file="C:\Users\Otaku\Desktop\Final shi\Esprit-PIDEV-3A1-2526-TravelxpWeb\tests\Entity\TripTest.php" line="113" class="App\Tests\Entity\TripTest" classname="App.Tests.Entity.TripTest" assertions="2" time="0.000580"/>
      </testsuite>
      <testsuite name="App\Tests\Entity\UserQuestProgressTest" file="C:\Users\Otaku\Desktop\Final shi\Esprit-PIDEV-3A1-2526-TravelxpWeb\tests\Entity\UserQuestProgressTest.php" tests="6" assertions="15" errors="0" failures="0" skipped="0" time="0.003926">
        <testcase name="testDefaultValues" file="C:\Users\Otaku\Desktop\Final shi\Esprit-PIDEV-3A1-2526-TravelxpWeb\tests\Entity\UserQuestProgressTest.php" line="12" class="App\Tests\Entity\UserQuestProgressTest" classname="App.Tests.Entity.UserQuestProgressTest" assertions="6" time="0.000825"/>
        <testcase name="testSetUserAssociation" file="C:\Users\Otaku\Desktop\Final shi\Esprit-PIDEV-3A1-2526-TravelxpWeb\tests\Entity\UserQuestProgressTest.php" line="24" class="App\Tests\Entity\UserQuestProgressTest" classname="App.Tests.Entity.UserQuestProgressTest" assertions="1" time="0.000582"/>
        <testcase name="testSetQuestAssociation" file="C:\Users\Otaku\Desktop\Final shi\Esprit-PIDEV-3A1-2526-TravelxpWeb\tests\Entity\UserQuestProgressTest.php" line="33" class="App\Tests\Entity\UserQuestProgressTest" classname="App.Tests.Entity.UserQuestProgressTest" assertions="1" time="0.000689"/>
        <testcase name="testSetProgressClampedToZero" file="C:\Users\Otaku\Desktop\Final shi\Esprit-PIDEV-3A1-2526-TravelxpWeb\tests\Entity\UserQuestProgressTest.php" line="42" class="App\Tests\Entity\UserQuestProgressTest" classname="App.Tests.Entity.UserQuestProgressTest" assertions="3" time="0.000611"/>
        <testcase name="testSetStatus" file="C:\Users\Otaku\Desktop\Final shi\Esprit-PIDEV-3A1-2526-TravelxpWeb\tests\Entity\UserQuestProgressTest.php" line="56" class="App\Tests\Entity\UserQuestProgressTest" classname="App.Tests.Entity.UserQuestProgressTest" assertions="2" time="0.000596"/>
        <testcase name="testTouchSetsUpdatedAt" file="C:\Users\Otaku\Desktop\Final shi\Esprit-PIDEV-3A1-2526-TravelxpWeb\tests\Entity\UserQuestProgressTest.php" line="67" class="App\Tests\Entity\UserQuestProgressTest" classname="App.Tests.Entity.UserQuestProgressTest" assertions="2" time="0.000622"/>
      </testsuite>
      <testsuite name="App\Tests\Entity\UserTest" file="C:\Users\Otaku\Desktop\Final shi\Esprit-PIDEV-3A1-2526-TravelxpWeb\tests\Entity\UserTest.php" tests="9" assertions="21" errors="0" failures="0" skipped="0" time="0.005236">
        <testcase name="testSetRolesAlwaysIncludesRoleUser" file="C:\Users\Otaku\Desktop\Final shi\Esprit-PIDEV-3A1-2526-TravelxpWeb\tests\Entity\UserTest.php" line="20" class="App\Tests\Entity\UserTest" classname="App.Tests.Entity.UserTest" assertions="4" time="0.000607"/>
        <testcase name="testGetPrimaryRoleForAdminAndUser" file="C:\Users\Otaku\Desktop\Final shi\Esprit-PIDEV-3A1-2526-TravelxpWeb\tests\Entity\UserTest.php" line="45" class="App\Tests\Entity\UserTest" classname="App.Tests.Entity.UserTest" assertions="2" time="0.000577"/>
        <testcase name="testSetEmailNormalization" file="C:\Users\Otaku\Desktop\Final shi\Esprit-PIDEV-3A1-2526-TravelxpWeb\tests\Entity\UserTest.php" line="61" class="App\Tests\Entity\UserTest" classname="App.Tests.Entity.UserTest" assertions="1" time="0.000606"/>
        <testcase name="testSetUsernameTrimsWhitespace" file="C:\Users\Otaku\Desktop\Final shi\Esprit-PIDEV-3A1-2526-TravelxpWeb\tests\Entity\UserTest.php" line="74" class="App\Tests\Entity\UserTest" classname="App.Tests.Entity.UserTest" assertions="2" time="0.000596"/>
        <testcase name="testSetXpCannotBeNegative" file="C:\Users\Otaku\Desktop\Final shi\Esprit-PIDEV-3A1-2526-TravelxpWeb\tests\Entity\UserTest.php" line="90" class="App\Tests\Entity\UserTest" classname="App.Tests.Entity.UserTest" assertions="2" time="0.000563"/>
        <testcase name="testSetLevelCannotBeBelowOne" file="C:\Users\Otaku\Desktop\Final shi\Esprit-PIDEV-3A1-2526-TravelxpWeb\tests\Entity\UserTest.php" line="106" class="App\Tests\Entity\UserTest" classname="App.Tests.Entity.UserTest" assertions="3" time="0.000561"/>
        <testcase name="testTotpRecoveryCodesFiltering" file="C:\Users\Otaku\Desktop\Final shi\Esprit-PIDEV-3A1-2526-TravelxpWeb\tests\Entity\UserTest.php" line="126" class="App\Tests\Entity\UserTest" classname="App.Tests.Entity.UserTest" assertions="3" time="0.000577"/>
        <testcase name="testSetFirebaseUidNormalizesEmptyToNull" file="C:\Users\Otaku\Desktop\Final shi\Esprit-PIDEV-3A1-2526-TravelxpWeb\tests\Entity\UserTest.php" line="143" class="App\Tests\Entity\UserTest" classname="App.Tests.Entity.UserTest" assertions="2" time="0.000583"/>
        <testcase name="testStreakCannotBeNegative" file="C:\Users\Otaku\Desktop\Final shi\Esprit-PIDEV-3A1-2526-TravelxpWeb\tests\Entity\UserTest.php" line="159" class="App\Tests\Entity\UserTest" classname="App.Tests.Entity.UserTest" assertions="2" time="0.000567"/>
      </testsuite>
      <testsuite name="App\Tests\Service\CurrencyConverterServiceTest" file="C:\Users\Otaku\Desktop\Final shi\Esprit-PIDEV-3A1-2526-TravelxpWeb\tests\Service\CurrencyConverterServiceTest.php" tests="7" assertions="17" errors="0" failures="0" skipped="0" time="0.004307">
        <testcase name="testConvertSameCurrencyReturnsOriginal" file="C:\Users\Otaku\Desktop\Final shi\Esprit-PIDEV-3A1-2526-TravelxpWeb\tests\Service\CurrencyConverterServiceTest.php" line="24" class="App\Tests\Service\CurrencyConverterServiceTest" classname="App.Tests.Service.CurrencyConverterServiceTest" assertions="1" time="0.000854"/>
        <testcase name="testConvertUsdToEur" file="C:\Users\Otaku\Desktop\Final shi\Esprit-PIDEV-3A1-2526-TravelxpWeb\tests\Service\CurrencyConverterServiceTest.php" line="33" class="App\Tests\Service\CurrencyConverterServiceTest" classname="App.Tests.Service.CurrencyConverterServiceTest" assertions="1" time="0.000591"/>
        <testcase name="testConvertCrossCurrency" file="C:\Users\Otaku\Desktop\Final shi\Esprit-PIDEV-3A1-2526-TravelxpWeb\tests\Service\CurrencyConverterServiceTest.php" line="43" class="App\Tests\Service\CurrencyConverterServiceTest" classname="App.Tests.Service.CurrencyConverterServiceTest" assertions="1" time="0.000588"/>
        <testcase name="testNormalizeCurrencyUnknownDefaultsToUSD" file="C:\Users\Otaku\Desktop\Final shi\Esprit-PIDEV-3A1-2526-TravelxpWeb\tests\Service\CurrencyConverterServiceTest.php" line="53" class="App\Tests\Service\CurrencyConverterServiceTest" classname="App.Tests.Service.CurrencyConverterServiceTest" assertions="3" time="0.000565"/>
        <testcase name="testGetSymbol" file="C:\Users\Otaku\Desktop\Final shi\Esprit-PIDEV-3A1-2526-TravelxpWeb\tests\Service\CurrencyConverterServiceTest.php" line="63" class="App\Tests\Service\CurrencyConverterServiceTest" classname="App.Tests.Service.CurrencyConverterServiceTest" assertions="4" time="0.000570"/>
        <testcase name="testFormatAmount" file="C:\Users\Otaku\Desktop\Final shi\Esprit-PIDEV-3A1-2526-TravelxpWeb\tests\Service\CurrencyConverterServiceTest.php" line="74" class="App\Tests\Service\CurrencyConverterServiceTest" classname="App.Tests.Service.CurrencyConverterServiceTest" assertions="2" time="0.000573"/>
        <testcase name="testSupportedCurrencies" file="C:\Users\Otaku\Desktop\Final shi\Esprit-PIDEV-3A1-2526-TravelxpWeb\tests\Service\CurrencyConverterServiceTest.php" line="86" class="App\Tests\Service\CurrencyConverterServiceTest" classname="App.Tests.Service.CurrencyConverterServiceTest" assertions="5" time="0.000566"/>
      </testsuite>
      <testsuite name="App\Tests\Service\StripePaymentServiceTest" file="C:\Users\Otaku\Desktop\Final shi\Esprit-PIDEV-3A1-2526-TravelxpWeb\tests\Service\StripePaymentServiceTest.php" tests="7" assertions="16" errors="0" failures="0" skipped="0" time="0.006069">
        <testcase name="testGetAmountInCentsFromFloat" file="C:\Users\Otaku\Desktop\Final shi\Esprit-PIDEV-3A1-2526-TravelxpWeb\tests\Service\StripePaymentServiceTest.php" line="15" class="App\Tests\Service\StripePaymentServiceTest" classname="App.Tests.Service.StripePaymentServiceTest" assertions="5" time="0.002509"/>
        <testcase name="testGetAmountInCentsFromString" file="C:\Users\Otaku\Desktop\Final shi\Esprit-PIDEV-3A1-2526-TravelxpWeb\tests\Service\StripePaymentServiceTest.php" line="26" class="App\Tests\Service\StripePaymentServiceTest" classname="App.Tests.Service.StripePaymentServiceTest" assertions="2" time="0.000718"/>
        <testcase name="testAmountFromCents" file="C:\Users\Otaku\Desktop\Final shi\Esprit-PIDEV-3A1-2526-TravelxpWeb\tests\Service\StripePaymentServiceTest.php" line="34" class="App\Tests\Service\StripePaymentServiceTest" classname="App.Tests.Service.StripePaymentServiceTest" assertions="4" time="0.000581"/>
        <testcase name="testGetPublishableKey" file="C:\Users\Otaku\Desktop\Final shi\Esprit-PIDEV-3A1-2526-TravelxpWeb\tests\Service\StripePaymentServiceTest.php" line="44" class="App\Tests\Service\StripePaymentServiceTest" classname="App.Tests.Service.StripePaymentServiceTest" assertions="1" time="0.000587"/>
        <testcase name="testGetPublishableKeyTrimsWhitespace" file="C:\Users\Otaku\Desktop\Final shi\Esprit-PIDEV-3A1-2526-TravelxpWeb\tests\Service\StripePaymentServiceTest.php" line="50" class="App\Tests\Service\StripePaymentServiceTest" classname="App.Tests.Service.StripePaymentServiceTest" assertions="1" time="0.000560"/>
        <testcase name="testGetPublishableKeyWhenNull" file="C:\Users\Otaku\Desktop\Final shi\Esprit-PIDEV-3A1-2526-TravelxpWeb\tests\Service\StripePaymentServiceTest.php" line="56" class="App\Tests\Service\StripePaymentServiceTest" classname="App.Tests.Service.StripePaymentServiceTest" assertions="1" time="0.000558"/>
        <testcase name="testRoundingEdgeCases" file="C:\Users\Otaku\Desktop\Final shi\Esprit-PIDEV-3A1-2526-TravelxpWeb\tests\Service\StripePaymentServiceTest.php" line="62" class="App\Tests\Service\StripePaymentServiceTest" classname="App.Tests.Service.StripePaymentServiceTest" assertions="2" time="0.000555"/>
      </testsuite>
    </testsuite>
  </testsuite>
</testsuites>
